<?xml version="1.0" encoding="UTF-8"?>
<!-- Generated by org.testng.reporters.JUnitReportReporter -->
<testsuite hostname="DESKTOP-HEQJNR8" failures="0" tests="1" name="TestClass" time="0.016" errors="0" timestamp="2024-07-09T23:11:43 BDT" skipped="0">
  <testcase classname="TestClass" name="foo" time="0.016"/>
</testsuite> <!-- TestClass -->
