<?xml version="1.0" encoding="UTF-8"?>
<!-- Generated by org.testng.reporters.JUnitReportReporter -->
<testsuite hostname="DESKTOP-HEQJNR8" failures="0" tests="1" name="selenium.Tests.EcoEatsOrder" time="10.786" errors="0" timestamp="2024-07-10T01:27:20 BDT" skipped="0">
  <testcase classname="selenium.Tests.EcoEatsOrder" name="ecoeatsOrder" time="10.786"/>
</testsuite> <!-- selenium.Tests.EcoEatsOrder -->
