<?xml version="1.0" encoding="UTF-8"?>
<!-- Generated by org.testng.reporters.JUnitReportReporter -->
<testsuite hostname="DESKTOP-HEQJNR8" failures="0" tests="1" name="selenium.Tests.OrangeHRM" time="6.284" errors="0" timestamp="2024-07-10T01:23:46 BDT" skipped="0">
  <testcase classname="selenium.Tests.OrangeHRM" name="ecoeats" time="6.284"/>
</testsuite> <!-- selenium.Tests.OrangeHRM -->
