<?xml version="1.0" encoding="UTF-8"?>
<!-- Generated by org.testng.reporters.JUnitReportReporter -->
<testsuite hostname="DESKTOP-HEQJNR8" failures="0" tests="1" name="selenium.Tests.FirstTest" time="12.527" errors="0" timestamp="2024-07-10T01:12:53 BDT" skipped="0">
  <testcase classname="selenium.Tests.FirstTest" name="TestGoogle" time="12.527"/>
</testsuite> <!-- selenium.Tests.FirstTest -->
